<?xml version="1.0" encoding="UTF-8"?>
<coverage generated="1514848642609" clover="3.2.0">
  <project timestamp="1514848642609" name="All files">
    <metrics statements="106" coveredstatements="23" conditionals="58" coveredconditionals="6" methods="40" coveredmethods="5" elements="204" coveredelements="34" complexity="0" loc="106" ncloc="106" packages="9" files="13" classes="13">
      <package name="src">
        <metrics statements="6" coveredstatements="0" conditionals="4" coveredconditionals="0" methods="1" coveredmethods="0"/>
        <file name="index.js" path="/home/danilo/Desktop/github/react-redux-egghead-tutorial-enhanced/src/index.js">
          <metrics statements="6" coveredstatements="0" conditionals="4" coveredconditionals="0" methods="1" coveredmethods="0"/>
          <line num="5" count="0" type="stmt"/>
          <line num="6" count="0" type="stmt"/>
          <line num="7" count="0" type="stmt"/>
          <line num="8" count="0" type="stmt"/>
          <line num="9" count="0" type="cond" truecount="0" falsecount="4"/>
          <line num="11" count="0" type="stmt"/>
        </file>
      </package>
      <package name="src.App">
        <metrics statements="7" coveredstatements="0" conditionals="4" coveredconditionals="0" methods="2" coveredmethods="0"/>
        <file name="index.js" path="/home/danilo/Desktop/github/react-redux-egghead-tutorial-enhanced/src/App/index.js">
          <metrics statements="7" coveredstatements="0" conditionals="4" coveredconditionals="0" methods="2" coveredmethods="0"/>
          <line num="1" count="0" type="stmt"/>
          <line num="2" count="0" type="stmt"/>
          <line num="3" count="0" type="stmt"/>
          <line num="4" count="0" type="stmt"/>
          <line num="5" count="0" type="cond" truecount="0" falsecount="4"/>
          <line num="14" count="0" type="stmt"/>
          <line num="16" count="0" type="stmt"/>
        </file>
      </package>
      <package name="src.App.TodoListPage">
        <metrics statements="3" coveredstatements="0" conditionals="4" coveredconditionals="0" methods="2" coveredmethods="0"/>
        <file name="index.js" path="/home/danilo/Desktop/github/react-redux-egghead-tutorial-enhanced/src/App/TodoListPage/index.js">
          <metrics statements="3" coveredstatements="0" conditionals="4" coveredconditionals="0" methods="2" coveredmethods="0"/>
          <line num="1" count="0" type="stmt"/>
          <line num="11" count="0" type="cond" truecount="0" falsecount="4"/>
          <line num="15" count="0" type="stmt"/>
        </file>
      </package>
      <package name="src.App.TodoListPage.TodoList">
        <metrics statements="3" coveredstatements="0" conditionals="4" coveredconditionals="0" methods="2" coveredmethods="0"/>
        <file name="index.js" path="/home/danilo/Desktop/github/react-redux-egghead-tutorial-enhanced/src/App/TodoListPage/TodoList/index.js">
          <metrics statements="3" coveredstatements="0" conditionals="4" coveredconditionals="0" methods="2" coveredmethods="0"/>
          <line num="1" count="0" type="stmt"/>
          <line num="11" count="0" type="cond" truecount="0" falsecount="4"/>
          <line num="15" count="0" type="stmt"/>
        </file>
      </package>
      <package name="src.App.TodoListPage.TodoList.AddTodo">
        <metrics statements="13" coveredstatements="6" conditionals="4" coveredconditionals="0" methods="5" coveredmethods="2"/>
        <file name="index.js" path="/home/danilo/Desktop/github/react-redux-egghead-tutorial-enhanced/src/App/TodoListPage/TodoList/AddTodo/index.js">
          <metrics statements="13" coveredstatements="6" conditionals="4" coveredconditionals="0" methods="5" coveredmethods="2"/>
          <line num="20" count="4" type="stmt"/>
          <line num="21" count="4" type="stmt"/>
          <line num="24" count="4" type="stmt"/>
          <line num="25" count="4" type="stmt"/>
          <line num="37" count="0" type="stmt"/>
          <line num="48" count="0" type="stmt"/>
          <line num="49" count="0" type="cond" truecount="0" falsecount="2"/>
          <line num="50" count="0" type="stmt"/>
          <line num="51" count="0" type="stmt"/>
          <line num="63" count="4" type="stmt"/>
          <line num="72" count="0" type="cond" truecount="0" falsecount="2"/>
          <line num="73" count="0" type="stmt"/>
          <line num="91" count="1" type="stmt"/>
        </file>
      </package>
      <package name="src.App.TodoListPage.TodoList.Footer">
        <metrics statements="20" coveredstatements="0" conditionals="8" coveredconditionals="0" methods="7" coveredmethods="0"/>
        <file name="FilterLink.js" path="/home/danilo/Desktop/github/react-redux-egghead-tutorial-enhanced/src/App/TodoListPage/TodoList/Footer/FilterLink.js">
          <metrics statements="16" coveredstatements="0" conditionals="4" coveredconditionals="0" methods="5" coveredmethods="0"/>
          <line num="1" count="0" type="stmt"/>
          <line num="2" count="0" type="stmt"/>
          <line num="3" count="0" type="stmt"/>
          <line num="4" count="0" type="stmt"/>
          <line num="5" count="0" type="cond" truecount="0" falsecount="4"/>
          <line num="16" count="0" type="stmt"/>
          <line num="17" count="0" type="stmt"/>
          <line num="18" count="0" type="stmt"/>
          <line num="19" count="0" type="stmt"/>
          <line num="31" count="0" type="stmt"/>
          <line num="37" count="0" type="stmt"/>
          <line num="39" count="0" type="stmt"/>
          <line num="44" count="0" type="stmt"/>
          <line num="46" count="0" type="stmt"/>
          <line num="49" count="0" type="stmt"/>
          <line num="55" count="0" type="stmt"/>
        </file>
        <file name="index.js" path="/home/danilo/Desktop/github/react-redux-egghead-tutorial-enhanced/src/App/TodoListPage/TodoList/Footer/index.js">
          <metrics statements="4" coveredstatements="0" conditionals="4" coveredconditionals="0" methods="2" coveredmethods="0"/>
          <line num="1" count="0" type="stmt"/>
          <line num="2" count="0" type="cond" truecount="0" falsecount="4"/>
          <line num="8" count="0" type="stmt"/>
          <line num="13" count="0" type="stmt"/>
        </file>
      </package>
      <package name="src.App.TodoListPage.TodoList.VisibleTodoList">
        <metrics statements="20" coveredstatements="0" conditionals="12" coveredconditionals="0" methods="11" coveredmethods="0"/>
        <file name="index.js" path="/home/danilo/Desktop/github/react-redux-egghead-tutorial-enhanced/src/App/TodoListPage/TodoList/VisibleTodoList/index.js">
          <metrics statements="20" coveredstatements="0" conditionals="12" coveredconditionals="0" methods="11" coveredmethods="0"/>
          <line num="1" count="0" type="cond" truecount="0" falsecount="4"/>
          <line num="2" count="0" type="stmt"/>
          <line num="3" count="0" type="stmt"/>
          <line num="5" count="0" type="stmt"/>
          <line num="6" count="0" type="cond" truecount="0" falsecount="4"/>
          <line num="16" count="0" type="stmt"/>
          <line num="17" count="0" type="stmt"/>
          <line num="18" count="0" type="stmt"/>
          <line num="21" count="0" type="stmt"/>
          <line num="25" count="0" type="stmt"/>
          <line num="38" count="0" type="stmt"/>
          <line num="42" count="0" type="cond" truecount="0" falsecount="4"/>
          <line num="44" count="0" type="stmt"/>
          <line num="46" count="0" type="stmt"/>
          <line num="49" count="0" type="stmt"/>
          <line num="53" count="0" type="stmt"/>
          <line num="58" count="0" type="stmt"/>
          <line num="65" count="0" type="stmt"/>
          <line num="66" count="0" type="stmt"/>
          <line num="67" count="0" type="stmt"/>
        </file>
      </package>
      <package name="src.App.TodoListPage.TodoList.VisibleTodoList.Todo">
        <metrics statements="10" coveredstatements="0" conditionals="4" coveredconditionals="0" methods="2" coveredmethods="0"/>
        <file name="index.js" path="/home/danilo/Desktop/github/react-redux-egghead-tutorial-enhanced/src/App/TodoListPage/TodoList/VisibleTodoList/Todo/index.js">
          <metrics statements="10" coveredstatements="0" conditionals="4" coveredconditionals="0" methods="2" coveredmethods="0"/>
          <line num="1" count="0" type="stmt"/>
          <line num="2" count="0" type="stmt"/>
          <line num="3" count="0" type="stmt"/>
          <line num="4" count="0" type="cond" truecount="0" falsecount="4"/>
          <line num="15" count="0" type="stmt"/>
          <line num="16" count="0" type="stmt"/>
          <line num="17" count="0" type="stmt"/>
          <line num="18" count="0" type="stmt"/>
          <line num="30" count="0" type="stmt"/>
          <line num="33" count="0" type="stmt"/>
        </file>
      </package>
      <package name="src.common.ducks">
        <metrics statements="24" coveredstatements="17" conditionals="14" coveredconditionals="6" methods="8" coveredmethods="3"/>
        <file name="index.js" path="/home/danilo/Desktop/github/react-redux-egghead-tutorial-enhanced/src/common/ducks/index.js">
          <metrics statements="1" coveredstatements="1" conditionals="0" coveredconditionals="0" methods="0" coveredmethods="0"/>
          <line num="22" count="1" type="stmt"/>
        </file>
        <file name="todo.js" path="/home/danilo/Desktop/github/react-redux-egghead-tutorial-enhanced/src/common/ducks/todo.js">
          <metrics statements="12" coveredstatements="8" conditionals="7" coveredconditionals="2" methods="4" coveredmethods="1"/>
          <line num="13" count="1" type="stmt"/>
          <line num="22" count="1" type="stmt"/>
          <line num="25" count="1" type="stmt"/>
          <line num="43" count="2" type="cond" truecount="1" falsecount="2"/>
          <line num="45" count="0" type="stmt"/>
          <line num="51" count="0" type="cond" truecount="0" falsecount="2"/>
          <line num="52" count="0" type="stmt"/>
          <line num="54" count="0" type="stmt"/>
          <line num="59" count="2" type="stmt"/>
          <line num="76" count="1" type="stmt"/>
          <line num="92" count="1" type="cond" truecount="0" falsecount="1"/>
          <line num="105" count="1" type="stmt"/>
        </file>
        <file name="todos.js" path="/home/danilo/Desktop/github/react-redux-egghead-tutorial-enhanced/src/common/ducks/todos.js">
          <metrics statements="5" coveredstatements="3" conditionals="4" coveredconditionals="2" methods="2" coveredmethods="1"/>
          <line num="22" count="1" type="stmt"/>
          <line num="70" count="2" type="cond" truecount="1" falsecount="2"/>
          <line num="72" count="0" type="stmt"/>
          <line num="77" count="0" type="stmt"/>
          <line num="79" count="2" type="stmt"/>
        </file>
        <file name="visibilityFilter.js" path="/home/danilo/Desktop/github/react-redux-egghead-tutorial-enhanced/src/common/ducks/visibilityFilter.js">
          <metrics statements="6" coveredstatements="5" conditionals="3" coveredconditionals="2" methods="2" coveredmethods="1"/>
          <line num="13" count="1" type="stmt"/>
          <line num="23" count="1" type="stmt"/>
          <line num="41" count="2" type="cond" truecount="1" falsecount="1"/>
          <line num="43" count="0" type="stmt"/>
          <line num="45" count="2" type="stmt"/>
          <line num="63" count="1" type="stmt"/>
        </file>
      </package>
    </metrics>
  </project>
</coverage>
