<?xml version="1.0" encoding="UTF-8"?>
<coverage generated="1514856531596" clover="3.2.0">
  <project timestamp="1514856531596" name="All files">
    <metrics statements="73" coveredstatements="56" conditionals="26" coveredconditionals="13" methods="32" coveredmethods="24" elements="131" coveredelements="93" complexity="0" loc="73" ncloc="73" packages="9" files="13" classes="13">
      <package name="src">
        <metrics statements="6" coveredstatements="0" conditionals="4" coveredconditionals="0" methods="1" coveredmethods="0"/>
        <file name="index.js" path="/home/danilo/Desktop/github/react-redux-egghead-tutorial-enhanced/src/index.js">
          <metrics statements="6" coveredstatements="0" conditionals="4" coveredconditionals="0" methods="1" coveredmethods="0"/>
          <line num="5" count="0" type="stmt"/>
          <line num="6" count="0" type="stmt"/>
          <line num="7" count="0" type="stmt"/>
          <line num="8" count="0" type="stmt"/>
          <line num="9" count="0" type="cond" truecount="0" falsecount="4"/>
          <line num="11" count="0" type="stmt"/>
        </file>
      </package>
      <package name="src.App">
        <metrics statements="2" coveredstatements="2" conditionals="0" coveredconditionals="0" methods="1" coveredmethods="1"/>
        <file name="index.js" path="/home/danilo/Desktop/github/react-redux-egghead-tutorial-enhanced/src/App/index.js">
          <metrics statements="2" coveredstatements="2" conditionals="0" coveredconditionals="0" methods="1" coveredmethods="1"/>
          <line num="14" count="2" type="stmt"/>
          <line num="15" count="2" type="stmt"/>
        </file>
      </package>
      <package name="src.App.TodoListPage">
        <metrics statements="1" coveredstatements="1" conditionals="0" coveredconditionals="0" methods="1" coveredmethods="1"/>
        <file name="index.js" path="/home/danilo/Desktop/github/react-redux-egghead-tutorial-enhanced/src/App/TodoListPage/index.js">
          <metrics statements="1" coveredstatements="1" conditionals="0" coveredconditionals="0" methods="1" coveredmethods="1"/>
          <line num="12" count="2" type="stmt"/>
        </file>
      </package>
      <package name="src.App.TodoListPage.TodoList">
        <metrics statements="1" coveredstatements="1" conditionals="0" coveredconditionals="0" methods="1" coveredmethods="1"/>
        <file name="index.js" path="/home/danilo/Desktop/github/react-redux-egghead-tutorial-enhanced/src/App/TodoListPage/TodoList/index.js">
          <metrics statements="1" coveredstatements="1" conditionals="0" coveredconditionals="0" methods="1" coveredmethods="1"/>
          <line num="12" count="2" type="stmt"/>
        </file>
      </package>
      <package name="src.App.TodoListPage.TodoList.AddTodo">
        <metrics statements="13" coveredstatements="13" conditionals="4" coveredconditionals="3" methods="5" coveredmethods="5"/>
        <file name="index.js" path="/home/danilo/Desktop/github/react-redux-egghead-tutorial-enhanced/src/App/TodoListPage/TodoList/AddTodo/index.js">
          <metrics statements="13" coveredstatements="13" conditionals="4" coveredconditionals="3" methods="5" coveredmethods="5"/>
          <line num="20" count="12" type="stmt"/>
          <line num="21" count="12" type="stmt"/>
          <line num="24" count="12" type="stmt"/>
          <line num="25" count="12" type="stmt"/>
          <line num="37" count="5" type="stmt"/>
          <line num="48" count="6" type="stmt"/>
          <line num="49" count="6" type="cond" truecount="2" falsecount="0"/>
          <line num="50" count="4" type="stmt"/>
          <line num="51" count="4" type="stmt"/>
          <line num="63" count="21" type="stmt"/>
          <line num="80" count="3" type="cond" truecount="1" falsecount="1"/>
          <line num="81" count="3" type="stmt"/>
          <line num="90" count="5" type="stmt"/>
        </file>
      </package>
      <package name="src.App.TodoListPage.TodoList.Footer">
        <metrics statements="10" coveredstatements="10" conditionals="0" coveredconditionals="0" methods="5" coveredmethods="5"/>
        <file name="FilterLink.js" path="/home/danilo/Desktop/github/react-redux-egghead-tutorial-enhanced/src/App/TodoListPage/TodoList/Footer/FilterLink.js">
          <metrics statements="8" coveredstatements="8" conditionals="0" coveredconditionals="0" methods="4" coveredmethods="4"/>
          <line num="16" count="6" type="stmt"/>
          <line num="21" count="6" type="stmt"/>
          <line num="31" count="6" type="stmt"/>
          <line num="37" count="6" type="stmt"/>
          <line num="40" count="6" type="stmt"/>
          <line num="44" count="6" type="stmt"/>
          <line num="47" count="6" type="stmt"/>
          <line num="49" count="1" type="stmt"/>
        </file>
        <file name="index.js" path="/home/danilo/Desktop/github/react-redux-egghead-tutorial-enhanced/src/App/TodoListPage/TodoList/Footer/index.js">
          <metrics statements="2" coveredstatements="2" conditionals="0" coveredconditionals="0" methods="1" coveredmethods="1"/>
          <line num="9" count="5" type="stmt"/>
          <line num="10" count="2" type="stmt"/>
        </file>
      </package>
      <package name="src.App.TodoListPage.TodoList.VisibleTodoList">
        <metrics statements="13" coveredstatements="8" conditionals="4" coveredconditionals="2" methods="9" coveredmethods="4"/>
        <file name="index.js" path="/home/danilo/Desktop/github/react-redux-egghead-tutorial-enhanced/src/App/TodoListPage/TodoList/VisibleTodoList/index.js">
          <metrics statements="13" coveredstatements="8" conditionals="4" coveredconditionals="2" methods="9" coveredmethods="4"/>
          <line num="16" count="5" type="stmt"/>
          <line num="20" count="1" type="stmt"/>
          <line num="22" count="0" type="stmt"/>
          <line num="25" count="0" type="stmt"/>
          <line num="38" count="5" type="stmt"/>
          <line num="42" count="2" type="cond" truecount="2" falsecount="2"/>
          <line num="44" count="0" type="stmt"/>
          <line num="46" count="0" type="stmt"/>
          <line num="49" count="2" type="stmt"/>
          <line num="53" count="5" type="stmt"/>
          <line num="58" count="5" type="stmt"/>
          <line num="65" count="5" type="stmt"/>
          <line num="66" count="0" type="stmt"/>
        </file>
      </package>
      <package name="src.App.TodoListPage.TodoList.VisibleTodoList.Todo">
        <metrics statements="3" coveredstatements="3" conditionals="0" coveredconditionals="0" methods="1" coveredmethods="1"/>
        <file name="index.js" path="/home/danilo/Desktop/github/react-redux-egghead-tutorial-enhanced/src/App/TodoListPage/TodoList/VisibleTodoList/Todo/index.js">
          <metrics statements="3" coveredstatements="3" conditionals="0" coveredconditionals="0" methods="1" coveredmethods="1"/>
          <line num="15" count="6" type="stmt"/>
          <line num="20" count="1" type="stmt"/>
          <line num="30" count="6" type="stmt"/>
        </file>
      </package>
      <package name="src.common.ducks">
        <metrics statements="24" coveredstatements="18" conditionals="14" coveredconditionals="8" methods="8" coveredmethods="6"/>
        <file name="index.js" path="/home/danilo/Desktop/github/react-redux-egghead-tutorial-enhanced/src/common/ducks/index.js">
          <metrics statements="1" coveredstatements="1" conditionals="0" coveredconditionals="0" methods="0" coveredmethods="0"/>
          <line num="22" count="10" type="stmt"/>
        </file>
        <file name="todo.js" path="/home/danilo/Desktop/github/react-redux-egghead-tutorial-enhanced/src/common/ducks/todo.js">
          <metrics statements="12" coveredstatements="8" conditionals="7" coveredconditionals="3" methods="4" coveredmethods="3"/>
          <line num="13" count="10" type="stmt"/>
          <line num="22" count="10" type="stmt"/>
          <line num="25" count="10" type="stmt"/>
          <line num="43" count="24" type="cond" truecount="1" falsecount="2"/>
          <line num="45" count="0" type="stmt"/>
          <line num="51" count="0" type="cond" truecount="0" falsecount="2"/>
          <line num="52" count="0" type="stmt"/>
          <line num="54" count="0" type="stmt"/>
          <line num="59" count="24" type="stmt"/>
          <line num="76" count="10" type="stmt"/>
          <line num="92" count="10" type="cond" truecount="1" falsecount="0"/>
          <line num="105" count="10" type="stmt"/>
        </file>
        <file name="todos.js" path="/home/danilo/Desktop/github/react-redux-egghead-tutorial-enhanced/src/common/ducks/todos.js">
          <metrics statements="5" coveredstatements="3" conditionals="4" coveredconditionals="2" methods="2" coveredmethods="1"/>
          <line num="22" count="10" type="stmt"/>
          <line num="70" count="24" type="cond" truecount="1" falsecount="2"/>
          <line num="72" count="0" type="stmt"/>
          <line num="77" count="0" type="stmt"/>
          <line num="79" count="24" type="stmt"/>
        </file>
        <file name="visibilityFilter.js" path="/home/danilo/Desktop/github/react-redux-egghead-tutorial-enhanced/src/common/ducks/visibilityFilter.js">
          <metrics statements="6" coveredstatements="6" conditionals="3" coveredconditionals="3" methods="2" coveredmethods="2"/>
          <line num="13" count="11" type="stmt"/>
          <line num="23" count="11" type="stmt"/>
          <line num="41" count="28" type="cond" truecount="2" falsecount="0"/>
          <line num="43" count="1" type="stmt"/>
          <line num="45" count="27" type="stmt"/>
          <line num="63" count="11" type="stmt"/>
        </file>
      </package>
    </metrics>
  </project>
</coverage>
