{"/home/danilo/Desktop/github/react-redux-egghead-tutorial-enhanced/src/index.js": {"path":"/home/danilo/Desktop/github/react-redux-egghead-tutorial-enhanced/src/index.js","statementMap":{"0":{"start":{"line":5,"column":0},"end":{"line":5,"column":44}},"1":{"start":{"line":6,"column":0},"end":{"line":6,"column":37}},"2":{"start":{"line":7,"column":13},"end":{"line":7,"column":29}},"3":{"start":{"line":7,"column":44},"end":{"line":7,"column":74}},"4":{"start":{"line":8,"column":16},"end":{"line":8,"column":36}},"5":{"start":{"line":8,"column":54},"end":{"line":8,"column":87}},"6":{"start":{"line":9,"column":11},"end":{"line":9,"column":27}},"7":{"start":{"line":9,"column":40},"end":{"line":9,"column":68}},"8":{"start":{"line":9,"column":107},"end":{"line":9,"column":161}},"9":{"start":{"line":11,"column":0},"end":{"line":11,"column":111}}},"fnMap":{"0":{"name":"_interopRequireDefault","decl":{"start":{"line":9,"column":78},"end":{"line":9,"column":100}},"loc":{"start":{"line":9,"column":106},"end":{"line":9,"column":162}},"line":9}},"branchMap":{"0":{"loc":{"start":{"line":9,"column":114},"end":{"line":9,"column":160}},"type":"cond-expr","locations":[{"start":{"line":9,"column":138},"end":{"line":9,"column":141}},{"start":{"line":9,"column":144},"end":{"line":9,"column":160}}],"line":9},"1":{"loc":{"start":{"line":9,"column":114},"end":{"line":9,"column":135}},"type":"binary-expr","locations":[{"start":{"line":9,"column":114},"end":{"line":9,"column":117}},{"start":{"line":9,"column":121},"end":{"line":9,"column":135}}],"line":9}},"s":{"0":0,"1":0,"2":0,"3":0,"4":0,"5":0,"6":0,"7":0,"8":0,"9":0},"f":{"0":0},"b":{"0":[0,0],"1":[0,0]}}
,"/home/danilo/Desktop/github/react-redux-egghead-tutorial-enhanced/src/App/index.js": {"path":"/home/danilo/Desktop/github/react-redux-egghead-tutorial-enhanced/src/App/index.js","statementMap":{"0":{"start":{"line":14,"column":12},"end":{"line":18,"column":1}},"1":{"start":{"line":15,"column":2},"end":{"line":17,"column":13}}},"fnMap":{"0":{"name":"(anonymous_0)","decl":{"start":{"line":14,"column":12},"end":{"line":14,"column":13}},"loc":{"start":{"line":15,"column":2},"end":{"line":17,"column":13}},"line":15}},"branchMap":{},"s":{"0":2,"1":2},"f":{"0":2},"b":{},"_coverageSchema":"332fd63041d2c1bcb487cc26dd0d5f7d97098a6c","hash":"1eec179ea802dbfa010a531a9748e333c0cbeb2b"}
,"/home/danilo/Desktop/github/react-redux-egghead-tutorial-enhanced/src/App/TodoListPage/index.js": {"path":"/home/danilo/Desktop/github/react-redux-egghead-tutorial-enhanced/src/App/TodoListPage/index.js","statementMap":{"0":{"start":{"line":12,"column":2},"end":{"line":23,"column":4}}},"fnMap":{"0":{"name":"TodoListPage","decl":{"start":{"line":11,"column":24},"end":{"line":11,"column":36}},"loc":{"start":{"line":11,"column":39},"end":{"line":24,"column":1}},"line":11}},"branchMap":{},"s":{"0":2},"f":{"0":2},"b":{},"_coverageSchema":"332fd63041d2c1bcb487cc26dd0d5f7d97098a6c","hash":"5a386e968c9fc8213cd19666175583e98672aebc"}
,"/home/danilo/Desktop/github/react-redux-egghead-tutorial-enhanced/src/App/TodoListPage/TodoList/index.js": {"path":"/home/danilo/Desktop/github/react-redux-egghead-tutorial-enhanced/src/App/TodoListPage/TodoList/index.js","statementMap":{"0":{"start":{"line":12,"column":2},"end":{"line":18,"column":4}}},"fnMap":{"0":{"name":"TodoList","decl":{"start":{"line":11,"column":24},"end":{"line":11,"column":32}},"loc":{"start":{"line":11,"column":35},"end":{"line":19,"column":1}},"line":11}},"branchMap":{},"s":{"0":2},"f":{"0":2},"b":{},"_coverageSchema":"332fd63041d2c1bcb487cc26dd0d5f7d97098a6c","hash":"2e1b3e19e2e1cdbdc397f26f415ca6dc23b43829"}
,"/home/danilo/Desktop/github/react-redux-egghead-tutorial-enhanced/src/App/TodoListPage/TodoList/AddTodo/index.js": {"path":"/home/danilo/Desktop/github/react-redux-egghead-tutorial-enhanced/src/App/TodoListPage/TodoList/AddTodo/index.js","statementMap":{"0":{"start":{"line":20,"column":4},"end":{"line":20,"column":12}},"1":{"start":{"line":21,"column":4},"end":{"line":23,"column":6}},"2":{"start":{"line":24,"column":4},"end":{"line":24,"column":55}},"3":{"start":{"line":25,"column":4},"end":{"line":25,"column":55}},"4":{"start":{"line":37,"column":4},"end":{"line":39,"column":7}},"5":{"start":{"line":48,"column":26},"end":{"line":48,"column":36}},"6":{"start":{"line":49,"column":4},"end":{"line":54,"column":5}},"7":{"start":{"line":50,"column":6},"end":{"line":50,"column":46}},"8":{"start":{"line":51,"column":6},"end":{"line":53,"column":9}},"9":{"start":{"line":63,"column":4},"end":{"line":86,"column":6}},"10":{"start":{"line":80,"column":12},"end":{"line":82,"column":13}},"11":{"start":{"line":81,"column":14},"end":{"line":81,"column":35}},"12":{"start":{"line":90,"column":0},"end":{"line":92,"column":2}}},"fnMap":{"0":{"name":"(anonymous_0)","decl":{"start":{"line":19,"column":2},"end":{"line":19,"column":3}},"loc":{"start":{"line":19,"column":16},"end":{"line":26,"column":3}},"line":19},"1":{"name":"(anonymous_1)","decl":{"start":{"line":36,"column":2},"end":{"line":36,"column":3}},"loc":{"start":{"line":36,"column":23},"end":{"line":40,"column":3}},"line":36},"2":{"name":"(anonymous_2)","decl":{"start":{"line":47,"column":2},"end":{"line":47,"column":3}},"loc":{"start":{"line":47,"column":18},"end":{"line":55,"column":3}},"line":47},"3":{"name":"(anonymous_3)","decl":{"start":{"line":62,"column":2},"end":{"line":62,"column":3}},"loc":{"start":{"line":62,"column":11},"end":{"line":87,"column":3}},"line":62},"4":{"name":"(anonymous_4)","decl":{"start":{"line":79,"column":22},"end":{"line":79,"column":23}},"loc":{"start":{"line":79,"column":33},"end":{"line":83,"column":11}},"line":79}},"branchMap":{"0":{"loc":{"start":{"line":49,"column":4},"end":{"line":54,"column":5}},"type":"if","locations":[{"start":{"line":49,"column":4},"end":{"line":54,"column":5}},{"start":{"line":49,"column":4},"end":{"line":54,"column":5}}],"line":49},"1":{"loc":{"start":{"line":80,"column":12},"end":{"line":82,"column":13}},"type":"if","locations":[{"start":{"line":80,"column":12},"end":{"line":82,"column":13}},{"start":{"line":80,"column":12},"end":{"line":82,"column":13}}],"line":80}},"s":{"0":13,"1":13,"2":13,"3":13,"4":5,"5":6,"6":6,"7":4,"8":4,"9":22,"10":4,"11":3,"12":5},"f":{"0":13,"1":5,"2":6,"3":22,"4":4},"b":{"0":[4,2],"1":[3,1]},"_coverageSchema":"332fd63041d2c1bcb487cc26dd0d5f7d97098a6c","hash":"4cbdab7f7cc326c3611f4e567d1a847dfbedbd65"}
,"/home/danilo/Desktop/github/react-redux-egghead-tutorial-enhanced/src/App/TodoListPage/TodoList/Footer/FilterLink.js": {"path":"/home/danilo/Desktop/github/react-redux-egghead-tutorial-enhanced/src/App/TodoListPage/TodoList/Footer/FilterLink.js","statementMap":{"0":{"start":{"line":16,"column":19},"end":{"line":29,"column":1}},"1":{"start":{"line":21,"column":2},"end":{"line":28,"column":11}},"2":{"start":{"line":31,"column":0},"end":{"line":35,"column":2}},"3":{"start":{"line":37,"column":24},"end":{"line":42,"column":2}},"4":{"start":{"line":40,"column":6},"end":{"line":42,"column":1}},"5":{"start":{"line":44,"column":27},"end":{"line":51,"column":2}},"6":{"start":{"line":47,"column":6},"end":{"line":51,"column":1}},"7":{"start":{"line":49,"column":4},"end":{"line":49,"column":57}}},"fnMap":{"0":{"name":"(anonymous_0)","decl":{"start":{"line":16,"column":19},"end":{"line":16,"column":20}},"loc":{"start":{"line":21,"column":2},"end":{"line":28,"column":11}},"line":21},"1":{"name":"(anonymous_1)","decl":{"start":{"line":37,"column":24},"end":{"line":37,"column":25}},"loc":{"start":{"line":40,"column":6},"end":{"line":42,"column":1}},"line":40},"2":{"name":"(anonymous_2)","decl":{"start":{"line":44,"column":27},"end":{"line":44,"column":28}},"loc":{"start":{"line":47,"column":6},"end":{"line":51,"column":1}},"line":47},"3":{"name":"(anonymous_3)","decl":{"start":{"line":48,"column":11},"end":{"line":48,"column":12}},"loc":{"start":{"line":48,"column":17},"end":{"line":50,"column":3}},"line":48}},"branchMap":{},"s":{"0":6,"1":19,"2":6,"3":6,"4":19,"5":6,"6":19,"7":1},"f":{"0":19,"1":19,"2":19,"3":1},"b":{},"_coverageSchema":"332fd63041d2c1bcb487cc26dd0d5f7d97098a6c","hash":"41f4c1606b205ed3bc6502f6f0b9d4e45f81c87c"}
,"/home/danilo/Desktop/github/react-redux-egghead-tutorial-enhanced/src/App/TodoListPage/TodoList/Footer/index.js": {"path":"/home/danilo/Desktop/github/react-redux-egghead-tutorial-enhanced/src/App/TodoListPage/TodoList/Footer/index.js","statementMap":{"0":{"start":{"line":9,"column":15},"end":{"line":16,"column":1}},"1":{"start":{"line":10,"column":2},"end":{"line":15,"column":6}}},"fnMap":{"0":{"name":"(anonymous_0)","decl":{"start":{"line":9,"column":15},"end":{"line":9,"column":16}},"loc":{"start":{"line":10,"column":2},"end":{"line":15,"column":6}},"line":10}},"branchMap":{},"s":{"0":5,"1":5},"f":{"0":5},"b":{},"_coverageSchema":"332fd63041d2c1bcb487cc26dd0d5f7d97098a6c","hash":"8600dc94973345e2c037f8fe1f77b97bb6318067"}
,"/home/danilo/Desktop/github/react-redux-egghead-tutorial-enhanced/src/App/TodoListPage/TodoList/VisibleTodoList/index.js": {"path":"/home/danilo/Desktop/github/react-redux-egghead-tutorial-enhanced/src/App/TodoListPage/TodoList/VisibleTodoList/index.js","statementMap":{"0":{"start":{"line":16,"column":24},"end":{"line":29,"column":1}},"1":{"start":{"line":20,"column":2},"end":{"line":28,"column":7}},"2":{"start":{"line":22,"column":6},"end":{"line":26,"column":8}},"3":{"start":{"line":25,"column":23},"end":{"line":25,"column":40}},"4":{"start":{"line":38,"column":31},"end":{"line":51,"column":1}},"5":{"start":{"line":42,"column":2},"end":{"line":50,"column":3}},"6":{"start":{"line":44,"column":4},"end":{"line":44,"column":46}},"7":{"start":{"line":44,"column":33},"end":{"line":44,"column":44}},"8":{"start":{"line":46,"column":4},"end":{"line":46,"column":47}},"9":{"start":{"line":46,"column":33},"end":{"line":46,"column":45}},"10":{"start":{"line":49,"column":4},"end":{"line":49,"column":21}},"11":{"start":{"line":53,"column":0},"end":{"line":56,"column":2}},"12":{"start":{"line":58,"column":31},"end":{"line":63,"column":2}},"13":{"start":{"line":58,"column":41},"end":{"line":63,"column":1}},"14":{"start":{"line":65,"column":34},"end":{"line":69,"column":2}},"15":{"start":{"line":65,"column":47},"end":{"line":69,"column":1}},"16":{"start":{"line":66,"column":22},"end":{"line":68,"column":3}}},"fnMap":{"0":{"name":"(anonymous_0)","decl":{"start":{"line":16,"column":24},"end":{"line":16,"column":25}},"loc":{"start":{"line":20,"column":2},"end":{"line":28,"column":7}},"line":20},"1":{"name":"(anonymous_1)","decl":{"start":{"line":21,"column":19},"end":{"line":21,"column":20}},"loc":{"start":{"line":22,"column":6},"end":{"line":26,"column":8}},"line":22},"2":{"name":"(anonymous_2)","decl":{"start":{"line":25,"column":17},"end":{"line":25,"column":18}},"loc":{"start":{"line":25,"column":23},"end":{"line":25,"column":40}},"line":25},"3":{"name":"(anonymous_3)","decl":{"start":{"line":38,"column":31},"end":{"line":38,"column":32}},"loc":{"start":{"line":41,"column":5},"end":{"line":51,"column":1}},"line":41},"4":{"name":"(anonymous_4)","decl":{"start":{"line":44,"column":28},"end":{"line":44,"column":29}},"loc":{"start":{"line":44,"column":33},"end":{"line":44,"column":44}},"line":44},"5":{"name":"(anonymous_5)","decl":{"start":{"line":46,"column":28},"end":{"line":46,"column":29}},"loc":{"start":{"line":46,"column":33},"end":{"line":46,"column":45}},"line":46},"6":{"name":"(anonymous_6)","decl":{"start":{"line":58,"column":31},"end":{"line":58,"column":32}},"loc":{"start":{"line":58,"column":41},"end":{"line":63,"column":1}},"line":58},"7":{"name":"(anonymous_7)","decl":{"start":{"line":65,"column":34},"end":{"line":65,"column":35}},"loc":{"start":{"line":65,"column":47},"end":{"line":69,"column":1}},"line":65},"8":{"name":"(anonymous_8)","decl":{"start":{"line":66,"column":15},"end":{"line":66,"column":16}},"loc":{"start":{"line":66,"column":22},"end":{"line":68,"column":3}},"line":66}},"branchMap":{"0":{"loc":{"start":{"line":42,"column":2},"end":{"line":50,"column":3}},"type":"switch","locations":[{"start":{"line":43,"column":2},"end":{"line":44,"column":46}},{"start":{"line":45,"column":2},"end":{"line":46,"column":47}},{"start":{"line":47,"column":2},"end":{"line":47,"column":18}},{"start":{"line":48,"column":2},"end":{"line":49,"column":21}}],"line":42}},"s":{"0":5,"1":9,"2":40,"3":0,"4":5,"5":13,"6":1,"7":5,"8":1,"9":5,"10":11,"11":5,"12":5,"13":9,"14":5,"15":10,"16":1},"f":{"0":9,"1":40,"2":0,"3":13,"4":5,"5":5,"6":9,"7":10,"8":1},"b":{"0":[1,1,10,11]},"_coverageSchema":"332fd63041d2c1bcb487cc26dd0d5f7d97098a6c","hash":"0313f6e17d4d4139cb331f96da3c0dbbb6bd6803"}
,"/home/danilo/Desktop/github/react-redux-egghead-tutorial-enhanced/src/App/TodoListPage/TodoList/VisibleTodoList/Todo/index.js": {"path":"/home/danilo/Desktop/github/react-redux-egghead-tutorial-enhanced/src/App/TodoListPage/TodoList/VisibleTodoList/Todo/index.js","statementMap":{"0":{"start":{"line":15,"column":13},"end":{"line":28,"column":1}},"1":{"start":{"line":20,"column":2},"end":{"line":27,"column":7}},"2":{"start":{"line":30,"column":0},"end":{"line":34,"column":2}}},"fnMap":{"0":{"name":"(anonymous_0)","decl":{"start":{"line":15,"column":13},"end":{"line":15,"column":14}},"loc":{"start":{"line":20,"column":2},"end":{"line":27,"column":7}},"line":20}},"branchMap":{},"s":{"0":6,"1":44,"2":6},"f":{"0":44},"b":{},"_coverageSchema":"332fd63041d2c1bcb487cc26dd0d5f7d97098a6c","hash":"109b7d8af159bca57474fc4a0c61a335aead1933"}
,"/home/danilo/Desktop/github/react-redux-egghead-tutorial-enhanced/src/common/ducks/index.js": {"path":"/home/danilo/Desktop/github/react-redux-egghead-tutorial-enhanced/src/common/ducks/index.js","statementMap":{"0":{"start":{"line":22,"column":29},"end":{"line":26,"column":1}}},"fnMap":{},"branchMap":{},"s":{"0":9},"f":{},"b":{},"_coverageSchema":"332fd63041d2c1bcb487cc26dd0d5f7d97098a6c","hash":"78c0bf15462d5ddbd15727103477f3ea575c1948"}
,"/home/danilo/Desktop/github/react-redux-egghead-tutorial-enhanced/src/common/ducks/todo.js": {"path":"/home/danilo/Desktop/github/react-redux-egghead-tutorial-enhanced/src/common/ducks/todo.js","statementMap":{"0":{"start":{"line":13,"column":29},"end":{"line":13,"column":31}},"1":{"start":{"line":22,"column":19},"end":{"line":22,"column":29}},"2":{"start":{"line":25,"column":22},"end":{"line":25,"column":35}},"3":{"start":{"line":43,"column":2},"end":{"line":60,"column":3}},"4":{"start":{"line":45,"column":4},"end":{"line":49,"column":6}},"5":{"start":{"line":51,"column":4},"end":{"line":53,"column":5}},"6":{"start":{"line":52,"column":6},"end":{"line":52,"column":19}},"7":{"start":{"line":54,"column":4},"end":{"line":57,"column":6}},"8":{"start":{"line":59,"column":4},"end":{"line":59,"column":17}},"9":{"start":{"line":76,"column":28},"end":{"line":76,"column":53}},"10":{"start":{"line":76,"column":36},"end":{"line":76,"column":53}},"11":{"start":{"line":92,"column":23},"end":{"line":96,"column":2}},"12":{"start":{"line":92,"column":59},"end":{"line":96,"column":1}},"13":{"start":{"line":105,"column":26},"end":{"line":108,"column":2}},"14":{"start":{"line":105,"column":33},"end":{"line":108,"column":1}}},"fnMap":{"0":{"name":"reducer","decl":{"start":{"line":42,"column":24},"end":{"line":42,"column":31}},"loc":{"start":{"line":42,"column":63},"end":{"line":61,"column":1}},"line":42},"1":{"name":"(anonymous_1)","decl":{"start":{"line":76,"column":28},"end":{"line":76,"column":29}},"loc":{"start":{"line":76,"column":36},"end":{"line":76,"column":53}},"line":76},"2":{"name":"(anonymous_2)","decl":{"start":{"line":92,"column":23},"end":{"line":92,"column":24}},"loc":{"start":{"line":92,"column":59},"end":{"line":96,"column":1}},"line":92},"3":{"name":"(anonymous_3)","decl":{"start":{"line":105,"column":26},"end":{"line":105,"column":27}},"loc":{"start":{"line":105,"column":33},"end":{"line":108,"column":1}},"line":105}},"branchMap":{"0":{"loc":{"start":{"line":42,"column":32},"end":{"line":42,"column":53}},"type":"default-arg","locations":[{"start":{"line":42,"column":40},"end":{"line":42,"column":53}}],"line":42},"1":{"loc":{"start":{"line":43,"column":2},"end":{"line":60,"column":3}},"type":"switch","locations":[{"start":{"line":44,"column":2},"end":{"line":49,"column":6}},{"start":{"line":50,"column":2},"end":{"line":57,"column":6}},{"start":{"line":58,"column":2},"end":{"line":59,"column":17}}],"line":43},"2":{"loc":{"start":{"line":51,"column":4},"end":{"line":53,"column":5}},"type":"if","locations":[{"start":{"line":51,"column":4},"end":{"line":53,"column":5}},{"start":{"line":51,"column":4},"end":{"line":53,"column":5}}],"line":51},"3":{"loc":{"start":{"line":92,"column":30},"end":{"line":92,"column":53}},"type":"default-arg","locations":[{"start":{"line":92,"column":35},"end":{"line":92,"column":53}}],"line":92}},"s":{"0":11,"1":11,"2":11,"3":30,"4":2,"5":3,"6":1,"7":2,"8":25,"9":11,"10":13,"11":11,"12":7,"13":11,"14":5},"f":{"0":30,"1":13,"2":7,"3":5},"b":{"0":[26],"1":[2,3,25],"2":[1,2],"3":[4]},"_coverageSchema":"332fd63041d2c1bcb487cc26dd0d5f7d97098a6c","hash":"fe4fab66dd09c796f29f2a1808d4516581e80756"}
,"/home/danilo/Desktop/github/react-redux-egghead-tutorial-enhanced/src/common/ducks/todos.js": {"path":"/home/danilo/Desktop/github/react-redux-egghead-tutorial-enhanced/src/common/ducks/todos.js","statementMap":{"0":{"start":{"line":22,"column":29},"end":{"line":22,"column":31}},"1":{"start":{"line":70,"column":2},"end":{"line":80,"column":3}},"2":{"start":{"line":72,"column":4},"end":{"line":75,"column":6}},"3":{"start":{"line":77,"column":4},"end":{"line":77,"column":43}},"4":{"start":{"line":77,"column":26},"end":{"line":77,"column":41}},"5":{"start":{"line":79,"column":4},"end":{"line":79,"column":17}}},"fnMap":{"0":{"name":"reducer","decl":{"start":{"line":66,"column":24},"end":{"line":66,"column":31}},"loc":{"start":{"line":69,"column":2},"end":{"line":81,"column":1}},"line":69},"1":{"name":"(anonymous_1)","decl":{"start":{"line":77,"column":21},"end":{"line":77,"column":22}},"loc":{"start":{"line":77,"column":26},"end":{"line":77,"column":41}},"line":77}},"branchMap":{"0":{"loc":{"start":{"line":67,"column":2},"end":{"line":67,"column":23}},"type":"default-arg","locations":[{"start":{"line":67,"column":10},"end":{"line":67,"column":23}}],"line":67},"1":{"loc":{"start":{"line":70,"column":2},"end":{"line":80,"column":3}},"type":"switch","locations":[{"start":{"line":71,"column":2},"end":{"line":75,"column":6}},{"start":{"line":76,"column":2},"end":{"line":77,"column":43}},{"start":{"line":78,"column":2},"end":{"line":79,"column":17}}],"line":70}},"s":{"0":10,"1":27,"2":1,"3":1,"4":1,"5":25},"f":{"0":27,"1":1},"b":{"0":[25],"1":[1,1,25]},"_coverageSchema":"332fd63041d2c1bcb487cc26dd0d5f7d97098a6c","hash":"f4897e78f451762e5623aedbad8cd2da69a6fee7"}
,"/home/danilo/Desktop/github/react-redux-egghead-tutorial-enhanced/src/common/ducks/visibilityFilter.js": {"path":"/home/danilo/Desktop/github/react-redux-egghead-tutorial-enhanced/src/common/ducks/visibilityFilter.js","statementMap":{"0":{"start":{"line":13,"column":29},"end":{"line":13,"column":39}},"1":{"start":{"line":23,"column":19},"end":{"line":23,"column":42}},"2":{"start":{"line":41,"column":2},"end":{"line":46,"column":3}},"3":{"start":{"line":43,"column":4},"end":{"line":43,"column":25}},"4":{"start":{"line":45,"column":4},"end":{"line":45,"column":17}},"5":{"start":{"line":63,"column":35},"end":{"line":66,"column":2}},"6":{"start":{"line":63,"column":46},"end":{"line":66,"column":1}}},"fnMap":{"0":{"name":"reducer","decl":{"start":{"line":40,"column":24},"end":{"line":40,"column":31}},"loc":{"start":{"line":40,"column":63},"end":{"line":47,"column":1}},"line":40},"1":{"name":"(anonymous_1)","decl":{"start":{"line":63,"column":35},"end":{"line":63,"column":36}},"loc":{"start":{"line":63,"column":46},"end":{"line":66,"column":1}},"line":63}},"branchMap":{"0":{"loc":{"start":{"line":40,"column":32},"end":{"line":40,"column":53}},"type":"default-arg","locations":[{"start":{"line":40,"column":40},"end":{"line":40,"column":53}}],"line":40},"1":{"loc":{"start":{"line":41,"column":2},"end":{"line":46,"column":3}},"type":"switch","locations":[{"start":{"line":42,"column":2},"end":{"line":43,"column":25}},{"start":{"line":44,"column":2},"end":{"line":45,"column":17}}],"line":41}},"s":{"0":10,"1":10,"2":26,"3":1,"4":25,"5":10,"6":4},"f":{"0":26,"1":4},"b":{"0":[25],"1":[1,25]},"_coverageSchema":"332fd63041d2c1bcb487cc26dd0d5f7d97098a6c","hash":"a905bcada7dab50dd30098771f62d3b20a0e8611"}
}
