{"/home/danilo/Desktop/github/react-redux-egghead-tutorial-enhanced/src/index.js": {"path":"/home/danilo/Desktop/github/react-redux-egghead-tutorial-enhanced/src/index.js","statementMap":{"0":{"start":{"line":5,"column":0},"end":{"line":5,"column":44}},"1":{"start":{"line":6,"column":0},"end":{"line":6,"column":37}},"2":{"start":{"line":7,"column":13},"end":{"line":7,"column":29}},"3":{"start":{"line":7,"column":44},"end":{"line":7,"column":74}},"4":{"start":{"line":8,"column":16},"end":{"line":8,"column":36}},"5":{"start":{"line":8,"column":54},"end":{"line":8,"column":87}},"6":{"start":{"line":9,"column":11},"end":{"line":9,"column":27}},"7":{"start":{"line":9,"column":40},"end":{"line":9,"column":68}},"8":{"start":{"line":9,"column":107},"end":{"line":9,"column":161}},"9":{"start":{"line":11,"column":0},"end":{"line":11,"column":111}}},"fnMap":{"0":{"name":"_interopRequireDefault","decl":{"start":{"line":9,"column":78},"end":{"line":9,"column":100}},"loc":{"start":{"line":9,"column":106},"end":{"line":9,"column":162}},"line":9}},"branchMap":{"0":{"loc":{"start":{"line":9,"column":114},"end":{"line":9,"column":160}},"type":"cond-expr","locations":[{"start":{"line":9,"column":138},"end":{"line":9,"column":141}},{"start":{"line":9,"column":144},"end":{"line":9,"column":160}}],"line":9},"1":{"loc":{"start":{"line":9,"column":114},"end":{"line":9,"column":135}},"type":"binary-expr","locations":[{"start":{"line":9,"column":114},"end":{"line":9,"column":117}},{"start":{"line":9,"column":121},"end":{"line":9,"column":135}}],"line":9}},"s":{"0":0,"1":0,"2":0,"3":0,"4":0,"5":0,"6":0,"7":0,"8":0,"9":0},"f":{"0":0},"b":{"0":[0,0],"1":[0,0]}}
,"/home/danilo/Desktop/github/react-redux-egghead-tutorial-enhanced/src/App/index.js": {"path":"/home/danilo/Desktop/github/react-redux-egghead-tutorial-enhanced/src/App/index.js","statementMap":{"0":{"start":{"line":1,"column":13},"end":{"line":1,"column":75}},"1":{"start":{"line":1,"column":88},"end":{"line":1,"column":104}},"2":{"start":{"line":1,"column":119},"end":{"line":1,"column":149}},"3":{"start":{"line":2,"column":13},"end":{"line":2,"column":29}},"4":{"start":{"line":3,"column":18},"end":{"line":3,"column":40}},"5":{"start":{"line":4,"column":20},"end":{"line":4,"column":45}},"6":{"start":{"line":4,"column":67},"end":{"line":4,"column":104}},"7":{"start":{"line":5,"column":13},"end":{"line":5,"column":45}},"8":{"start":{"line":5,"column":60},"end":{"line":5,"column":90}},"9":{"start":{"line":5,"column":129},"end":{"line":5,"column":183}},"10":{"start":{"line":14,"column":10},"end":{"line":16,"column":69}},"11":{"start":{"line":14,"column":26},"end":{"line":16,"column":68}},"12":{"start":{"line":16,"column":70},"end":{"line":20,"column":4}}},"fnMap":{"0":{"name":"_interopRequireDefault","decl":{"start":{"line":5,"column":100},"end":{"line":5,"column":122}},"loc":{"start":{"line":5,"column":128},"end":{"line":5,"column":184}},"line":5},"1":{"name":"App","decl":{"start":{"line":14,"column":19},"end":{"line":14,"column":22}},"loc":{"start":{"line":14,"column":25},"end":{"line":16,"column":69}},"line":14}},"branchMap":{"0":{"loc":{"start":{"line":5,"column":136},"end":{"line":5,"column":182}},"type":"cond-expr","locations":[{"start":{"line":5,"column":160},"end":{"line":5,"column":163}},{"start":{"line":5,"column":166},"end":{"line":5,"column":182}}],"line":5},"1":{"loc":{"start":{"line":5,"column":136},"end":{"line":5,"column":157}},"type":"binary-expr","locations":[{"start":{"line":5,"column":136},"end":{"line":5,"column":139}},{"start":{"line":5,"column":143},"end":{"line":5,"column":157}}],"line":5}},"s":{"0":0,"1":0,"2":0,"3":0,"4":0,"5":0,"6":0,"7":0,"8":0,"9":0,"10":0,"11":0,"12":0},"f":{"0":0,"1":0},"b":{"0":[0,0],"1":[0,0]}}
,"/home/danilo/Desktop/github/react-redux-egghead-tutorial-enhanced/src/App/TodoListPage/index.js": {"path":"/home/danilo/Desktop/github/react-redux-egghead-tutorial-enhanced/src/App/TodoListPage/index.js","statementMap":{"0":{"start":{"line":1,"column":13},"end":{"line":1,"column":75}},"1":{"start":{"line":1,"column":75},"end":{"line":11,"column":13}},"2":{"start":{"line":11,"column":26},"end":{"line":11,"column":42}},"3":{"start":{"line":11,"column":57},"end":{"line":11,"column":87}},"4":{"start":{"line":11,"column":111},"end":{"line":11,"column":139}},"5":{"start":{"line":11,"column":156},"end":{"line":11,"column":177}},"6":{"start":{"line":11,"column":195},"end":{"line":11,"column":228}},"7":{"start":{"line":11,"column":242},"end":{"line":11,"column":265}},"8":{"start":{"line":11,"column":280},"end":{"line":11,"column":310}},"9":{"start":{"line":11,"column":349},"end":{"line":11,"column":403}},"10":{"start":{"line":15,"column":433},"end":{"line":19,"column":67}}},"fnMap":{"0":{"name":"_interopRequireDefault","decl":{"start":{"line":11,"column":320},"end":{"line":11,"column":342}},"loc":{"start":{"line":11,"column":348},"end":{"line":11,"column":404}},"line":11},"1":{"name":"TodoListPage","decl":{"start":{"line":15,"column":417},"end":{"line":15,"column":429}},"loc":{"start":{"line":15,"column":432},"end":{"line":24,"column":1}},"line":15}},"branchMap":{"0":{"loc":{"start":{"line":11,"column":356},"end":{"line":11,"column":402}},"type":"cond-expr","locations":[{"start":{"line":11,"column":380},"end":{"line":11,"column":383}},{"start":{"line":11,"column":386},"end":{"line":11,"column":402}}],"line":11},"1":{"loc":{"start":{"line":11,"column":356},"end":{"line":11,"column":377}},"type":"binary-expr","locations":[{"start":{"line":11,"column":356},"end":{"line":11,"column":359}},{"start":{"line":11,"column":363},"end":{"line":11,"column":377}}],"line":11}},"s":{"0":0,"1":0,"2":0,"3":0,"4":0,"5":0,"6":0,"7":0,"8":0,"9":0,"10":0},"f":{"0":0,"1":0},"b":{"0":[0,0],"1":[0,0]}}
,"/home/danilo/Desktop/github/react-redux-egghead-tutorial-enhanced/src/App/TodoListPage/TodoList/index.js": {"path":"/home/danilo/Desktop/github/react-redux-egghead-tutorial-enhanced/src/App/TodoListPage/TodoList/index.js","statementMap":{"0":{"start":{"line":1,"column":13},"end":{"line":1,"column":75}},"1":{"start":{"line":1,"column":75},"end":{"line":11,"column":9}},"2":{"start":{"line":11,"column":22},"end":{"line":11,"column":38}},"3":{"start":{"line":11,"column":53},"end":{"line":11,"column":83}},"4":{"start":{"line":11,"column":99},"end":{"line":11,"column":119}},"5":{"start":{"line":11,"column":136},"end":{"line":11,"column":168}},"6":{"start":{"line":11,"column":192},"end":{"line":11,"column":220}},"7":{"start":{"line":11,"column":245},"end":{"line":11,"column":285}},"8":{"start":{"line":11,"column":300},"end":{"line":11,"column":319}},"9":{"start":{"line":11,"column":335},"end":{"line":11,"column":366}},"10":{"start":{"line":11,"column":405},"end":{"line":11,"column":459}},"11":{"start":{"line":15,"column":485},"end":{"line":16,"column":59}}},"fnMap":{"0":{"name":"_interopRequireDefault","decl":{"start":{"line":11,"column":376},"end":{"line":11,"column":398}},"loc":{"start":{"line":11,"column":404},"end":{"line":11,"column":460}},"line":11},"1":{"name":"TodoList","decl":{"start":{"line":15,"column":473},"end":{"line":15,"column":481}},"loc":{"start":{"line":15,"column":484},"end":{"line":19,"column":1}},"line":15}},"branchMap":{"0":{"loc":{"start":{"line":11,"column":412},"end":{"line":11,"column":458}},"type":"cond-expr","locations":[{"start":{"line":11,"column":436},"end":{"line":11,"column":439}},{"start":{"line":11,"column":442},"end":{"line":11,"column":458}}],"line":11},"1":{"loc":{"start":{"line":11,"column":412},"end":{"line":11,"column":433}},"type":"binary-expr","locations":[{"start":{"line":11,"column":412},"end":{"line":11,"column":415}},{"start":{"line":11,"column":419},"end":{"line":11,"column":433}}],"line":11}},"s":{"0":0,"1":0,"2":0,"3":0,"4":0,"5":0,"6":0,"7":0,"8":0,"9":0,"10":0,"11":0},"f":{"0":0,"1":0},"b":{"0":[0,0],"1":[0,0]}}
,"/home/danilo/Desktop/github/react-redux-egghead-tutorial-enhanced/src/App/TodoListPage/TodoList/AddTodo/index.js": {"path":"/home/danilo/Desktop/github/react-redux-egghead-tutorial-enhanced/src/App/TodoListPage/TodoList/AddTodo/index.js","statementMap":{"0":{"start":{"line":20,"column":4},"end":{"line":20,"column":12}},"1":{"start":{"line":21,"column":4},"end":{"line":23,"column":6}},"2":{"start":{"line":24,"column":4},"end":{"line":24,"column":55}},"3":{"start":{"line":25,"column":4},"end":{"line":25,"column":55}},"4":{"start":{"line":37,"column":4},"end":{"line":39,"column":7}},"5":{"start":{"line":48,"column":26},"end":{"line":48,"column":36}},"6":{"start":{"line":49,"column":4},"end":{"line":54,"column":5}},"7":{"start":{"line":50,"column":6},"end":{"line":50,"column":46}},"8":{"start":{"line":51,"column":6},"end":{"line":53,"column":9}},"9":{"start":{"line":63,"column":4},"end":{"line":87,"column":6}},"10":{"start":{"line":72,"column":12},"end":{"line":74,"column":13}},"11":{"start":{"line":73,"column":14},"end":{"line":73,"column":35}},"12":{"start":{"line":91,"column":0},"end":{"line":93,"column":2}}},"fnMap":{"0":{"name":"(anonymous_0)","decl":{"start":{"line":19,"column":2},"end":{"line":19,"column":3}},"loc":{"start":{"line":19,"column":16},"end":{"line":26,"column":3}},"line":19},"1":{"name":"(anonymous_1)","decl":{"start":{"line":36,"column":2},"end":{"line":36,"column":3}},"loc":{"start":{"line":36,"column":23},"end":{"line":40,"column":3}},"line":36},"2":{"name":"(anonymous_2)","decl":{"start":{"line":47,"column":2},"end":{"line":47,"column":3}},"loc":{"start":{"line":47,"column":18},"end":{"line":55,"column":3}},"line":47},"3":{"name":"(anonymous_3)","decl":{"start":{"line":62,"column":2},"end":{"line":62,"column":3}},"loc":{"start":{"line":62,"column":11},"end":{"line":88,"column":3}},"line":62},"4":{"name":"(anonymous_4)","decl":{"start":{"line":71,"column":22},"end":{"line":71,"column":23}},"loc":{"start":{"line":71,"column":33},"end":{"line":75,"column":11}},"line":71}},"branchMap":{"0":{"loc":{"start":{"line":49,"column":4},"end":{"line":54,"column":5}},"type":"if","locations":[{"start":{"line":49,"column":4},"end":{"line":54,"column":5}},{"start":{"line":49,"column":4},"end":{"line":54,"column":5}}],"line":49},"1":{"loc":{"start":{"line":72,"column":12},"end":{"line":74,"column":13}},"type":"if","locations":[{"start":{"line":72,"column":12},"end":{"line":74,"column":13}},{"start":{"line":72,"column":12},"end":{"line":74,"column":13}}],"line":72}},"s":{"0":4,"1":4,"2":4,"3":4,"4":0,"5":0,"6":0,"7":0,"8":0,"9":4,"10":0,"11":0,"12":1},"f":{"0":4,"1":0,"2":0,"3":4,"4":0},"b":{"0":[0,0],"1":[0,0]},"_coverageSchema":"332fd63041d2c1bcb487cc26dd0d5f7d97098a6c","hash":"31caa5d663c7606aac8c003fb24a800253e42940"}
,"/home/danilo/Desktop/github/react-redux-egghead-tutorial-enhanced/src/App/TodoListPage/TodoList/Footer/FilterLink.js": {"path":"/home/danilo/Desktop/github/react-redux-egghead-tutorial-enhanced/src/App/TodoListPage/TodoList/Footer/FilterLink.js","statementMap":{"0":{"start":{"line":1,"column":13},"end":{"line":1,"column":75}},"1":{"start":{"line":1,"column":88},"end":{"line":1,"column":104}},"2":{"start":{"line":1,"column":119},"end":{"line":1,"column":149}},"3":{"start":{"line":2,"column":17},"end":{"line":2,"column":38}},"4":{"start":{"line":2,"column":57},"end":{"line":2,"column":91}},"5":{"start":{"line":3,"column":18},"end":{"line":3,"column":40}},"6":{"start":{"line":4,"column":23},"end":{"line":4,"column":51}},"7":{"start":{"line":5,"column":24},"end":{"line":5,"column":64}},"8":{"start":{"line":5,"column":103},"end":{"line":5,"column":157}},"9":{"start":{"line":16,"column":17},"end":{"line":27,"column":18}},"10":{"start":{"line":17,"column":11},"end":{"line":17,"column":22}},"11":{"start":{"line":18,"column":13},"end":{"line":18,"column":26}},"12":{"start":{"line":19,"column":12},"end":{"line":19,"column":24}},"13":{"start":{"line":19,"column":25},"end":{"line":27,"column":17}},"14":{"start":{"line":31,"column":0},"end":{"line":34,"column":49}},"15":{"start":{"line":37,"column":22},"end":{"line":41,"column":67}},"16":{"start":{"line":39,"column":17},"end":{"line":41,"column":66}},"17":{"start":{"line":44,"column":25},"end":{"line":50,"column":12}},"18":{"start":{"line":46,"column":17},"end":{"line":50,"column":11}},"19":{"start":{"line":49,"column":8},"end":{"line":49,"column":84}},"20":{"start":{"line":55,"column":17},"end":{"line":59,"column":12}}},"fnMap":{"0":{"name":"_interopRequireDefault","decl":{"start":{"line":5,"column":74},"end":{"line":5,"column":96}},"loc":{"start":{"line":5,"column":102},"end":{"line":5,"column":158}},"line":5},"1":{"name":"FilterLink","decl":{"start":{"line":16,"column":26},"end":{"line":16,"column":36}},"loc":{"start":{"line":16,"column":43},"end":{"line":27,"column":18}},"line":16},"2":{"name":"mapStateToProps","decl":{"start":{"line":37,"column":31},"end":{"line":37,"column":46}},"loc":{"start":{"line":39,"column":16},"end":{"line":41,"column":67}},"line":39},"3":{"name":"mapDispatchToProps","decl":{"start":{"line":44,"column":34},"end":{"line":44,"column":52}},"loc":{"start":{"line":46,"column":16},"end":{"line":50,"column":12}},"line":46},"4":{"name":"onClick","decl":{"start":{"line":48,"column":24},"end":{"line":48,"column":31}},"loc":{"start":{"line":48,"column":34},"end":{"line":50,"column":7}},"line":48}},"branchMap":{"0":{"loc":{"start":{"line":5,"column":110},"end":{"line":5,"column":156}},"type":"cond-expr","locations":[{"start":{"line":5,"column":134},"end":{"line":5,"column":137}},{"start":{"line":5,"column":140},"end":{"line":5,"column":156}}],"line":5},"1":{"loc":{"start":{"line":5,"column":110},"end":{"line":5,"column":131}},"type":"binary-expr","locations":[{"start":{"line":5,"column":110},"end":{"line":5,"column":113}},{"start":{"line":5,"column":117},"end":{"line":5,"column":131}}],"line":5}},"s":{"0":0,"1":0,"2":0,"3":0,"4":0,"5":0,"6":0,"7":0,"8":0,"9":0,"10":0,"11":0,"12":0,"13":0,"14":0,"15":0,"16":0,"17":0,"18":0,"19":0,"20":0},"f":{"0":0,"1":0,"2":0,"3":0,"4":0},"b":{"0":[0,0],"1":[0,0]}}
,"/home/danilo/Desktop/github/react-redux-egghead-tutorial-enhanced/src/App/TodoListPage/TodoList/Footer/index.js": {"path":"/home/danilo/Desktop/github/react-redux-egghead-tutorial-enhanced/src/App/TodoListPage/TodoList/Footer/index.js","statementMap":{"0":{"start":{"line":1,"column":13},"end":{"line":1,"column":75}},"1":{"start":{"line":1,"column":88},"end":{"line":1,"column":104}},"2":{"start":{"line":1,"column":119},"end":{"line":1,"column":149}},"3":{"start":{"line":2,"column":18},"end":{"line":2,"column":41}},"4":{"start":{"line":2,"column":61},"end":{"line":2,"column":96}},"5":{"start":{"line":2,"column":135},"end":{"line":2,"column":189}},"6":{"start":{"line":8,"column":13},"end":{"line":13,"column":104}},"7":{"start":{"line":8,"column":32},"end":{"line":13,"column":103}},"8":{"start":{"line":13,"column":105},"end":{"line":17,"column":7}}},"fnMap":{"0":{"name":"_interopRequireDefault","decl":{"start":{"line":2,"column":106},"end":{"line":2,"column":128}},"loc":{"start":{"line":2,"column":134},"end":{"line":2,"column":190}},"line":2},"1":{"name":"Footer","decl":{"start":{"line":8,"column":22},"end":{"line":8,"column":28}},"loc":{"start":{"line":8,"column":31},"end":{"line":13,"column":104}},"line":8}},"branchMap":{"0":{"loc":{"start":{"line":2,"column":142},"end":{"line":2,"column":188}},"type":"cond-expr","locations":[{"start":{"line":2,"column":166},"end":{"line":2,"column":169}},{"start":{"line":2,"column":172},"end":{"line":2,"column":188}}],"line":2},"1":{"loc":{"start":{"line":2,"column":142},"end":{"line":2,"column":163}},"type":"binary-expr","locations":[{"start":{"line":2,"column":142},"end":{"line":2,"column":145}},{"start":{"line":2,"column":149},"end":{"line":2,"column":163}}],"line":2}},"s":{"0":0,"1":0,"2":0,"3":0,"4":0,"5":0,"6":0,"7":0,"8":0},"f":{"0":0,"1":0},"b":{"0":[0,0],"1":[0,0]}}
,"/home/danilo/Desktop/github/react-redux-egghead-tutorial-enhanced/src/App/TodoListPage/TodoList/VisibleTodoList/index.js": {"path":"/home/danilo/Desktop/github/react-redux-egghead-tutorial-enhanced/src/App/TodoListPage/TodoList/VisibleTodoList/index.js","statementMap":{"0":{"start":{"line":1,"column":13},"end":{"line":1,"column":75}},"1":{"start":{"line":1,"column":90},"end":{"line":1,"column":321}},"2":{"start":{"line":1,"column":126},"end":{"line":1,"column":306}},"3":{"start":{"line":1,"column":183},"end":{"line":1,"column":195}},"4":{"start":{"line":1,"column":196},"end":{"line":1,"column":305}},"5":{"start":{"line":1,"column":221},"end":{"line":1,"column":304}},"6":{"start":{"line":1,"column":277},"end":{"line":1,"column":303}},"7":{"start":{"line":1,"column":306},"end":{"line":1,"column":320}},"8":{"start":{"line":1,"column":335},"end":{"line":1,"column":351}},"9":{"start":{"line":1,"column":366},"end":{"line":1,"column":396}},"10":{"start":{"line":2,"column":17},"end":{"line":2,"column":38}},"11":{"start":{"line":2,"column":57},"end":{"line":2,"column":91}},"12":{"start":{"line":3,"column":18},"end":{"line":3,"column":40}},"13":{"start":{"line":5,"column":13},"end":{"line":5,"column":42}},"14":{"start":{"line":6,"column":13},"end":{"line":6,"column":36}},"15":{"start":{"line":6,"column":51},"end":{"line":6,"column":81}},"16":{"start":{"line":6,"column":120},"end":{"line":6,"column":174}},"17":{"start":{"line":16,"column":22},"end":{"line":25,"column":79}},"18":{"start":{"line":17,"column":14},"end":{"line":17,"column":28}},"19":{"start":{"line":18,"column":16},"end":{"line":18,"column":32}},"20":{"start":{"line":18,"column":33},"end":{"line":25,"column":78}},"21":{"start":{"line":21,"column":34},"end":{"line":25,"column":73}},"22":{"start":{"line":25,"column":41},"end":{"line":25,"column":66}},"23":{"start":{"line":38,"column":22},"end":{"line":51,"column":1}},"24":{"start":{"line":42,"column":2},"end":{"line":49,"column":24}},"25":{"start":{"line":44,"column":6},"end":{"line":44,"column":66}},"26":{"start":{"line":44,"column":44},"end":{"line":44,"column":63}},"27":{"start":{"line":46,"column":6},"end":{"line":46,"column":67}},"28":{"start":{"line":46,"column":44},"end":{"line":46,"column":64}},"29":{"start":{"line":49,"column":6},"end":{"line":49,"column":23}},"30":{"start":{"line":53,"column":0},"end":{"line":55,"column":53}},"31":{"start":{"line":58,"column":22},"end":{"line":61,"column":31}},"32":{"start":{"line":58,"column":55},"end":{"line":61,"column":30}},"33":{"start":{"line":65,"column":25},"end":{"line":67,"column":62}},"34":{"start":{"line":65,"column":64},"end":{"line":67,"column":61}},"35":{"start":{"line":66,"column":43},"end":{"line":67,"column":57}},"36":{"start":{"line":67,"column":63},"end":{"line":74,"column":17}}},"fnMap":{"0":{"name":"(anonymous_0)","decl":{"start":{"line":1,"column":107},"end":{"line":1,"column":108}},"loc":{"start":{"line":1,"column":125},"end":{"line":1,"column":321}},"line":1},"1":{"name":"_interopRequireDefault","decl":{"start":{"line":6,"column":91},"end":{"line":6,"column":113}},"loc":{"start":{"line":6,"column":119},"end":{"line":6,"column":175}},"line":6},"2":{"name":"VisibleTodoList","decl":{"start":{"line":16,"column":31},"end":{"line":16,"column":46}},"loc":{"start":{"line":16,"column":53},"end":{"line":25,"column":79}},"line":16},"3":{"name":"(anonymous_3)","decl":{"start":{"line":21,"column":20},"end":{"line":21,"column":21}},"loc":{"start":{"line":21,"column":33},"end":{"line":25,"column":74}},"line":21},"4":{"name":"onClick","decl":{"start":{"line":25,"column":30},"end":{"line":25,"column":37}},"loc":{"start":{"line":25,"column":40},"end":{"line":25,"column":67}},"line":25},"5":{"name":"getVisibleTodos","decl":{"start":{"line":38,"column":31},"end":{"line":38,"column":46}},"loc":{"start":{"line":41,"column":0},"end":{"line":51,"column":1}},"line":41},"6":{"name":"(anonymous_6)","decl":{"start":{"line":44,"column":30},"end":{"line":44,"column":31}},"loc":{"start":{"line":44,"column":43},"end":{"line":44,"column":64}},"line":44},"7":{"name":"(anonymous_7)","decl":{"start":{"line":46,"column":30},"end":{"line":46,"column":31}},"loc":{"start":{"line":46,"column":43},"end":{"line":46,"column":65}},"line":46},"8":{"name":"mapStateToProps","decl":{"start":{"line":58,"column":31},"end":{"line":58,"column":46}},"loc":{"start":{"line":58,"column":54},"end":{"line":61,"column":31}},"line":58},"9":{"name":"mapDispatchToProps","decl":{"start":{"line":65,"column":34},"end":{"line":65,"column":52}},"loc":{"start":{"line":65,"column":63},"end":{"line":67,"column":62}},"line":65},"10":{"name":"onTodoClick","decl":{"start":{"line":66,"column":26},"end":{"line":66,"column":37}},"loc":{"start":{"line":66,"column":42},"end":{"line":67,"column":58}},"line":66}},"branchMap":{"0":{"loc":{"start":{"line":1,"column":90},"end":{"line":1,"column":321}},"type":"binary-expr","locations":[{"start":{"line":1,"column":90},"end":{"line":1,"column":103}},{"start":{"line":1,"column":107},"end":{"line":1,"column":321}}],"line":1},"1":{"loc":{"start":{"line":1,"column":221},"end":{"line":1,"column":304}},"type":"if","locations":[{"start":{"line":1,"column":221},"end":{"line":1,"column":304}},{"start":{"line":1,"column":221},"end":{"line":1,"column":304}}],"line":1},"2":{"loc":{"start":{"line":6,"column":127},"end":{"line":6,"column":173}},"type":"cond-expr","locations":[{"start":{"line":6,"column":151},"end":{"line":6,"column":154}},{"start":{"line":6,"column":157},"end":{"line":6,"column":173}}],"line":6},"3":{"loc":{"start":{"line":6,"column":127},"end":{"line":6,"column":148}},"type":"binary-expr","locations":[{"start":{"line":6,"column":127},"end":{"line":6,"column":130}},{"start":{"line":6,"column":134},"end":{"line":6,"column":148}}],"line":6},"4":{"loc":{"start":{"line":42,"column":2},"end":{"line":49,"column":24}},"type":"switch","locations":[{"start":{"line":43,"column":4},"end":{"line":44,"column":66}},{"start":{"line":45,"column":4},"end":{"line":46,"column":67}},{"start":{"line":47,"column":4},"end":{"line":47,"column":20}},{"start":{"line":48,"column":4},"end":{"line":49,"column":23}}],"line":42}},"s":{"0":0,"1":0,"2":0,"3":0,"4":0,"5":0,"6":0,"7":0,"8":0,"9":0,"10":0,"11":0,"12":0,"13":0,"14":0,"15":0,"16":0,"17":0,"18":0,"19":0,"20":0,"21":0,"22":0,"23":0,"24":0,"25":0,"26":0,"27":0,"28":0,"29":0,"30":0,"31":0,"32":0,"33":0,"34":0,"35":0,"36":0},"f":{"0":0,"1":0,"2":0,"3":0,"4":0,"5":0,"6":0,"7":0,"8":0,"9":0,"10":0},"b":{"0":[0,0],"1":[0,0],"2":[0,0],"3":[0,0],"4":[0,0,0,0]}}
,"/home/danilo/Desktop/github/react-redux-egghead-tutorial-enhanced/src/App/TodoListPage/TodoList/VisibleTodoList/Todo/index.js": {"path":"/home/danilo/Desktop/github/react-redux-egghead-tutorial-enhanced/src/App/TodoListPage/TodoList/VisibleTodoList/Todo/index.js","statementMap":{"0":{"start":{"line":1,"column":13},"end":{"line":1,"column":75}},"1":{"start":{"line":1,"column":88},"end":{"line":1,"column":104}},"2":{"start":{"line":1,"column":119},"end":{"line":1,"column":149}},"3":{"start":{"line":2,"column":17},"end":{"line":2,"column":38}},"4":{"start":{"line":2,"column":57},"end":{"line":2,"column":91}},"5":{"start":{"line":3,"column":23},"end":{"line":3,"column":51}},"6":{"start":{"line":4,"column":13},"end":{"line":4,"column":36}},"7":{"start":{"line":4,"column":51},"end":{"line":4,"column":81}},"8":{"start":{"line":4,"column":120},"end":{"line":4,"column":174}},"9":{"start":{"line":15,"column":11},"end":{"line":25,"column":33}},"10":{"start":{"line":16,"column":12},"end":{"line":16,"column":24}},"11":{"start":{"line":17,"column":14},"end":{"line":17,"column":28}},"12":{"start":{"line":18,"column":9},"end":{"line":18,"column":18}},"13":{"start":{"line":18,"column":19},"end":{"line":25,"column":32}},"14":{"start":{"line":30,"column":0},"end":{"line":33,"column":48}},"15":{"start":{"line":33,"column":48},"end":{"line":36,"column":5}}},"fnMap":{"0":{"name":"_interopRequireDefault","decl":{"start":{"line":4,"column":91},"end":{"line":4,"column":113}},"loc":{"start":{"line":4,"column":119},"end":{"line":4,"column":175}},"line":4},"1":{"name":"Todo","decl":{"start":{"line":15,"column":20},"end":{"line":15,"column":24}},"loc":{"start":{"line":15,"column":31},"end":{"line":25,"column":33}},"line":15}},"branchMap":{"0":{"loc":{"start":{"line":4,"column":127},"end":{"line":4,"column":173}},"type":"cond-expr","locations":[{"start":{"line":4,"column":151},"end":{"line":4,"column":154}},{"start":{"line":4,"column":157},"end":{"line":4,"column":173}}],"line":4},"1":{"loc":{"start":{"line":4,"column":127},"end":{"line":4,"column":148}},"type":"binary-expr","locations":[{"start":{"line":4,"column":127},"end":{"line":4,"column":130}},{"start":{"line":4,"column":134},"end":{"line":4,"column":148}}],"line":4}},"s":{"0":0,"1":0,"2":0,"3":0,"4":0,"5":0,"6":0,"7":0,"8":0,"9":0,"10":0,"11":0,"12":0,"13":0,"14":0,"15":0},"f":{"0":0,"1":0},"b":{"0":[0,0],"1":[0,0]}}
,"/home/danilo/Desktop/github/react-redux-egghead-tutorial-enhanced/src/common/ducks/index.js": {"path":"/home/danilo/Desktop/github/react-redux-egghead-tutorial-enhanced/src/common/ducks/index.js","statementMap":{"0":{"start":{"line":22,"column":29},"end":{"line":26,"column":1}}},"fnMap":{},"branchMap":{},"s":{"0":1},"f":{},"b":{},"_coverageSchema":"332fd63041d2c1bcb487cc26dd0d5f7d97098a6c","hash":"78c0bf15462d5ddbd15727103477f3ea575c1948"}
,"/home/danilo/Desktop/github/react-redux-egghead-tutorial-enhanced/src/common/ducks/todo.js": {"path":"/home/danilo/Desktop/github/react-redux-egghead-tutorial-enhanced/src/common/ducks/todo.js","statementMap":{"0":{"start":{"line":13,"column":29},"end":{"line":13,"column":31}},"1":{"start":{"line":22,"column":19},"end":{"line":22,"column":29}},"2":{"start":{"line":25,"column":22},"end":{"line":25,"column":35}},"3":{"start":{"line":43,"column":2},"end":{"line":60,"column":3}},"4":{"start":{"line":45,"column":4},"end":{"line":49,"column":6}},"5":{"start":{"line":51,"column":4},"end":{"line":53,"column":5}},"6":{"start":{"line":52,"column":6},"end":{"line":52,"column":19}},"7":{"start":{"line":54,"column":4},"end":{"line":57,"column":6}},"8":{"start":{"line":59,"column":4},"end":{"line":59,"column":17}},"9":{"start":{"line":76,"column":28},"end":{"line":76,"column":53}},"10":{"start":{"line":76,"column":36},"end":{"line":76,"column":53}},"11":{"start":{"line":92,"column":23},"end":{"line":96,"column":2}},"12":{"start":{"line":92,"column":59},"end":{"line":96,"column":1}},"13":{"start":{"line":105,"column":26},"end":{"line":108,"column":2}},"14":{"start":{"line":105,"column":33},"end":{"line":108,"column":1}}},"fnMap":{"0":{"name":"reducer","decl":{"start":{"line":42,"column":24},"end":{"line":42,"column":31}},"loc":{"start":{"line":42,"column":63},"end":{"line":61,"column":1}},"line":42},"1":{"name":"(anonymous_1)","decl":{"start":{"line":76,"column":28},"end":{"line":76,"column":29}},"loc":{"start":{"line":76,"column":36},"end":{"line":76,"column":53}},"line":76},"2":{"name":"(anonymous_2)","decl":{"start":{"line":92,"column":23},"end":{"line":92,"column":24}},"loc":{"start":{"line":92,"column":59},"end":{"line":96,"column":1}},"line":92},"3":{"name":"(anonymous_3)","decl":{"start":{"line":105,"column":26},"end":{"line":105,"column":27}},"loc":{"start":{"line":105,"column":33},"end":{"line":108,"column":1}},"line":105}},"branchMap":{"0":{"loc":{"start":{"line":42,"column":32},"end":{"line":42,"column":53}},"type":"default-arg","locations":[{"start":{"line":42,"column":40},"end":{"line":42,"column":53}}],"line":42},"1":{"loc":{"start":{"line":43,"column":2},"end":{"line":60,"column":3}},"type":"switch","locations":[{"start":{"line":44,"column":2},"end":{"line":49,"column":6}},{"start":{"line":50,"column":2},"end":{"line":57,"column":6}},{"start":{"line":58,"column":2},"end":{"line":59,"column":17}}],"line":43},"2":{"loc":{"start":{"line":51,"column":4},"end":{"line":53,"column":5}},"type":"if","locations":[{"start":{"line":51,"column":4},"end":{"line":53,"column":5}},{"start":{"line":51,"column":4},"end":{"line":53,"column":5}}],"line":51},"3":{"loc":{"start":{"line":92,"column":30},"end":{"line":92,"column":53}},"type":"default-arg","locations":[{"start":{"line":92,"column":35},"end":{"line":92,"column":53}}],"line":92}},"s":{"0":1,"1":1,"2":1,"3":2,"4":0,"5":0,"6":0,"7":0,"8":2,"9":1,"10":0,"11":1,"12":0,"13":1,"14":0},"f":{"0":2,"1":0,"2":0,"3":0},"b":{"0":[2],"1":[0,0,2],"2":[0,0],"3":[0]},"_coverageSchema":"332fd63041d2c1bcb487cc26dd0d5f7d97098a6c","hash":"fe4fab66dd09c796f29f2a1808d4516581e80756"}
,"/home/danilo/Desktop/github/react-redux-egghead-tutorial-enhanced/src/common/ducks/todos.js": {"path":"/home/danilo/Desktop/github/react-redux-egghead-tutorial-enhanced/src/common/ducks/todos.js","statementMap":{"0":{"start":{"line":22,"column":29},"end":{"line":22,"column":31}},"1":{"start":{"line":70,"column":2},"end":{"line":80,"column":3}},"2":{"start":{"line":72,"column":4},"end":{"line":75,"column":6}},"3":{"start":{"line":77,"column":4},"end":{"line":77,"column":43}},"4":{"start":{"line":77,"column":26},"end":{"line":77,"column":41}},"5":{"start":{"line":79,"column":4},"end":{"line":79,"column":17}}},"fnMap":{"0":{"name":"reducer","decl":{"start":{"line":66,"column":24},"end":{"line":66,"column":31}},"loc":{"start":{"line":69,"column":2},"end":{"line":81,"column":1}},"line":69},"1":{"name":"(anonymous_1)","decl":{"start":{"line":77,"column":21},"end":{"line":77,"column":22}},"loc":{"start":{"line":77,"column":26},"end":{"line":77,"column":41}},"line":77}},"branchMap":{"0":{"loc":{"start":{"line":67,"column":2},"end":{"line":67,"column":23}},"type":"default-arg","locations":[{"start":{"line":67,"column":10},"end":{"line":67,"column":23}}],"line":67},"1":{"loc":{"start":{"line":70,"column":2},"end":{"line":80,"column":3}},"type":"switch","locations":[{"start":{"line":71,"column":2},"end":{"line":75,"column":6}},{"start":{"line":76,"column":2},"end":{"line":77,"column":43}},{"start":{"line":78,"column":2},"end":{"line":79,"column":17}}],"line":70}},"s":{"0":1,"1":2,"2":0,"3":0,"4":0,"5":2},"f":{"0":2,"1":0},"b":{"0":[2],"1":[0,0,2]},"_coverageSchema":"332fd63041d2c1bcb487cc26dd0d5f7d97098a6c","hash":"f4897e78f451762e5623aedbad8cd2da69a6fee7"}
,"/home/danilo/Desktop/github/react-redux-egghead-tutorial-enhanced/src/common/ducks/visibilityFilter.js": {"path":"/home/danilo/Desktop/github/react-redux-egghead-tutorial-enhanced/src/common/ducks/visibilityFilter.js","statementMap":{"0":{"start":{"line":13,"column":29},"end":{"line":13,"column":39}},"1":{"start":{"line":23,"column":19},"end":{"line":23,"column":42}},"2":{"start":{"line":41,"column":2},"end":{"line":46,"column":3}},"3":{"start":{"line":43,"column":4},"end":{"line":43,"column":25}},"4":{"start":{"line":45,"column":4},"end":{"line":45,"column":17}},"5":{"start":{"line":63,"column":35},"end":{"line":66,"column":2}},"6":{"start":{"line":63,"column":46},"end":{"line":66,"column":1}}},"fnMap":{"0":{"name":"reducer","decl":{"start":{"line":40,"column":24},"end":{"line":40,"column":31}},"loc":{"start":{"line":40,"column":63},"end":{"line":47,"column":1}},"line":40},"1":{"name":"(anonymous_1)","decl":{"start":{"line":63,"column":35},"end":{"line":63,"column":36}},"loc":{"start":{"line":63,"column":46},"end":{"line":66,"column":1}},"line":63}},"branchMap":{"0":{"loc":{"start":{"line":40,"column":32},"end":{"line":40,"column":53}},"type":"default-arg","locations":[{"start":{"line":40,"column":40},"end":{"line":40,"column":53}}],"line":40},"1":{"loc":{"start":{"line":41,"column":2},"end":{"line":46,"column":3}},"type":"switch","locations":[{"start":{"line":42,"column":2},"end":{"line":43,"column":25}},{"start":{"line":44,"column":2},"end":{"line":45,"column":17}}],"line":41}},"s":{"0":1,"1":1,"2":2,"3":0,"4":2,"5":1,"6":0},"f":{"0":2,"1":0},"b":{"0":[2],"1":[0,2]},"_coverageSchema":"332fd63041d2c1bcb487cc26dd0d5f7d97098a6c","hash":"a905bcada7dab50dd30098771f62d3b20a0e8611"}
}
