TN:
SF:/home/danilo/Desktop/github/react-redux-egghead-tutorial-enhanced/src/index.js
FN:9,_interopRequireDefault
FNF:1
FNH:0
FNDA:0,_interopRequireDefault
DA:5,0
DA:6,0
DA:7,0
DA:8,0
DA:9,0
DA:11,0
LF:6
LH:0
BRDA:9,0,0,0
BRDA:9,0,1,0
BRDA:9,1,0,0
BRDA:9,1,1,0
BRF:4
BRH:0
end_of_record
TN:
SF:/home/danilo/Desktop/github/react-redux-egghead-tutorial-enhanced/src/App/index.js
FN:14,(anonymous_0)
FNF:1
FNH:1
FNDA:2,(anonymous_0)
DA:14,2
DA:15,2
LF:2
LH:2
BRF:0
BRH:0
end_of_record
TN:
SF:/home/danilo/Desktop/github/react-redux-egghead-tutorial-enhanced/src/App/TodoListPage/index.js
FN:11,TodoListPage
FNF:1
FNH:1
FNDA:2,TodoListPage
DA:12,2
LF:1
LH:1
BRF:0
BRH:0
end_of_record
TN:
SF:/home/danilo/Desktop/github/react-redux-egghead-tutorial-enhanced/src/App/TodoListPage/TodoList/index.js
FN:11,TodoList
FNF:1
FNH:1
FNDA:2,TodoList
DA:12,2
LF:1
LH:1
BRF:0
BRH:0
end_of_record
TN:
SF:/home/danilo/Desktop/github/react-redux-egghead-tutorial-enhanced/src/App/TodoListPage/TodoList/AddTodo/index.js
FN:19,(anonymous_0)
FN:36,(anonymous_1)
FN:47,(anonymous_2)
FN:62,(anonymous_3)
FN:79,(anonymous_4)
FNF:5
FNH:5
FNDA:12,(anonymous_0)
FNDA:5,(anonymous_1)
FNDA:6,(anonymous_2)
FNDA:21,(anonymous_3)
FNDA:3,(anonymous_4)
DA:20,12
DA:21,12
DA:24,12
DA:25,12
DA:37,5
DA:48,6
DA:49,6
DA:50,4
DA:51,4
DA:63,21
DA:80,3
DA:81,3
DA:90,5
LF:13
LH:13
BRDA:49,0,0,4
BRDA:49,0,1,2
BRDA:80,1,0,3
BRDA:80,1,1,0
BRF:4
BRH:3
end_of_record
TN:
SF:/home/danilo/Desktop/github/react-redux-egghead-tutorial-enhanced/src/App/TodoListPage/TodoList/Footer/FilterLink.js
FN:16,(anonymous_0)
FN:37,(anonymous_1)
FN:44,(anonymous_2)
FN:48,(anonymous_3)
FNF:4
FNH:4
FNDA:19,(anonymous_0)
FNDA:19,(anonymous_1)
FNDA:19,(anonymous_2)
FNDA:1,(anonymous_3)
DA:16,6
DA:21,19
DA:31,6
DA:37,6
DA:40,19
DA:44,6
DA:47,19
DA:49,1
LF:8
LH:8
BRF:0
BRH:0
end_of_record
TN:
SF:/home/danilo/Desktop/github/react-redux-egghead-tutorial-enhanced/src/App/TodoListPage/TodoList/Footer/index.js
FN:9,(anonymous_0)
FNF:1
FNH:1
FNDA:5,(anonymous_0)
DA:9,5
DA:10,5
LF:2
LH:2
BRF:0
BRH:0
end_of_record
TN:
SF:/home/danilo/Desktop/github/react-redux-egghead-tutorial-enhanced/src/App/TodoListPage/TodoList/VisibleTodoList/index.js
FN:16,(anonymous_0)
FN:21,(anonymous_1)
FN:25,(anonymous_2)
FN:38,(anonymous_3)
FN:44,(anonymous_4)
FN:46,(anonymous_5)
FN:58,(anonymous_6)
FN:65,(anonymous_7)
FN:66,(anonymous_8)
FNF:9
FNH:8
FNDA:8,(anonymous_0)
FNDA:35,(anonymous_1)
FNDA:0,(anonymous_2)
FNDA:12,(anonymous_3)
FNDA:5,(anonymous_4)
FNDA:5,(anonymous_5)
FNDA:8,(anonymous_6)
FNDA:9,(anonymous_7)
FNDA:1,(anonymous_8)
DA:16,5
DA:20,8
DA:22,35
DA:25,0
DA:38,5
DA:42,12
DA:44,5
DA:46,5
DA:49,10
DA:53,5
DA:58,8
DA:65,9
DA:66,1
LF:13
LH:12
BRDA:42,0,0,1
BRDA:42,0,1,1
BRDA:42,0,2,9
BRDA:42,0,3,10
BRF:4
BRH:4
end_of_record
TN:
SF:/home/danilo/Desktop/github/react-redux-egghead-tutorial-enhanced/src/App/TodoListPage/TodoList/VisibleTodoList/Todo/index.js
FN:15,(anonymous_0)
FNF:1
FNH:1
FNDA:39,(anonymous_0)
DA:15,6
DA:20,39
DA:30,6
LF:3
LH:3
BRF:0
BRH:0
end_of_record
TN:
SF:/home/danilo/Desktop/github/react-redux-egghead-tutorial-enhanced/src/common/ducks/index.js
FNF:0
FNH:0
DA:22,9
LF:1
LH:1
BRF:0
BRH:0
end_of_record
TN:
SF:/home/danilo/Desktop/github/react-redux-egghead-tutorial-enhanced/src/common/ducks/todo.js
FN:42,reducer
FN:76,(anonymous_1)
FN:92,(anonymous_2)
FN:105,(anonymous_3)
FNF:4
FNH:4
FNDA:29,reducer
FNDA:12,(anonymous_1)
FNDA:7,(anonymous_2)
FNDA:4,(anonymous_3)
DA:13,11
DA:22,11
DA:25,11
DA:43,29
DA:45,2
DA:51,2
DA:52,0
DA:54,2
DA:59,25
DA:76,12
DA:92,11
DA:105,11
LF:12
LH:11
BRDA:42,0,0,26
BRDA:43,1,0,2
BRDA:43,1,1,2
BRDA:43,1,2,25
BRDA:51,2,0,0
BRDA:51,2,1,2
BRDA:92,3,0,4
BRF:7
BRH:6
end_of_record
TN:
SF:/home/danilo/Desktop/github/react-redux-egghead-tutorial-enhanced/src/common/ducks/todos.js
FN:66,reducer
FN:77,(anonymous_1)
FNF:2
FNH:2
FNDA:27,reducer
FNDA:1,(anonymous_1)
DA:22,10
DA:70,27
DA:72,1
DA:77,1
DA:79,25
LF:5
LH:5
BRDA:67,0,0,25
BRDA:70,1,0,1
BRDA:70,1,1,1
BRDA:70,1,2,25
BRF:4
BRH:4
end_of_record
TN:
SF:/home/danilo/Desktop/github/react-redux-egghead-tutorial-enhanced/src/common/ducks/visibilityFilter.js
FN:40,reducer
FN:63,(anonymous_1)
FNF:2
FNH:2
FNDA:26,reducer
FNDA:4,(anonymous_1)
DA:13,10
DA:23,10
DA:41,26
DA:43,1
DA:45,25
DA:63,10
LF:6
LH:6
BRDA:40,0,0,25
BRDA:41,1,0,1
BRDA:41,1,1,25
BRF:3
BRH:3
end_of_record
